<?xml version="1.0" encoding="UTF-8"?>
<!-- Generated by org.testng.reporters.JUnitXMLReporter -->
<testsuite ignored="0" hostname="DESKTOP-HVEQTT1" failures="0" tests="3" name="Register Page Testing in firefox" time="83.346" errors="0" timestamp="2024-02-12T20:53:18 IST">
  <testcase classname="com.QAFox.qa.TestCases.RegisterTest" name="verifyRegiterPageTtile" time="0.0">
    <skipped/>
  </testcase> <!-- verifyRegiterPageTtile -->
  <testcase classname="com.QAFox.qa.TestCases.RegisterTest" name="veriyRegistration" time="0.001">
    <skipped/>
  </testcase> <!-- veriyRegistration -->
  <testcase classname="com.QAFox.qa.TestCases.RegisterTest" name="verifyRegiterPageHeader" time="0.001">
    <skipped/>
  </testcase> <!-- verifyRegiterPageHeader -->
</testsuite> <!-- Register Page Testing in firefox -->
