<?xml version="1.0" encoding="UTF-8"?>
<!-- Generated by org.testng.reporters.JUnitXMLReporter -->
<testsuite ignored="0" hostname="DESKTOP-HVEQTT1" failures="0" tests="3" name="Register Page Testing in Chrome" time="43.7" errors="0" timestamp="2024-02-12T18:16:00 IST">
  <testcase classname="com.QAFox.qa.TestCases.RegisterTest" name="verifyRegiterPageTtile" time="3.013"/>
  <testcase classname="com.QAFox.qa.TestCases.RegisterTest" name="verifyRegiterPageHeader" time="2.045"/>
  <testcase classname="com.QAFox.qa.TestCases.RegisterTest" name="veriyRegistration" time="3.96"/>
</testsuite> <!-- Register Page Testing in Chrome -->
