<?xml version="1.0" encoding="UTF-8"?>
<!-- Generated by org.testng.reporters.JUnitXMLReporter -->
<testsuite ignored="0" hostname="DESKTOP-HVEQTT1" failures="0" tests="3" name="Register Page Testing in Chrome2" time="37.891" errors="0" timestamp="2024-02-12T18:35:59 IST">
  <testcase classname="com.QAFox.qa.TestCases.RegisterTest" name="verifyRegiterPageTtile" time="1.898"/>
  <testcase classname="com.QAFox.qa.TestCases.RegisterTest" name="verifyRegiterPageHeader" time="1.999"/>
  <testcase classname="com.QAFox.qa.TestCases.RegisterTest" name="veriyRegistration" time="3.593"/>
</testsuite> <!-- Register Page Testing in Chrome2 -->
